09:19:56 INFO  : Registering command handlers for SDK TCF services
09:19:58 INFO  : Launching XSCT server: xsct -n -interactive /media/D/dong/HY3/3A/HY_3A/HY_3A.sdk/temp_xsdb_launch_script.tcl
09:20:02 INFO  : XSCT server has started successfully.
09:20:02 INFO  : Successfully done setting XSCT server connection channel  
09:20:07 INFO  : Successfully done setting SDK workspace  
09:20:07 INFO  : Processing command line option -hwspec /media/D/dong/HY3/3A/HY_3A/HY_3A.sdk/Top_HY_3A.hdf.
14:36:52 INFO  : Launching XSCT server: xsct -n -interactive /media/D/dong/HY3/3A/HY_3A/HY_3A.sdk/temp_xsdb_launch_script.tcl
14:39:52 ERROR : Timed out. 180 seconds have elapsed while waiting for XSCT server to launch.
14:42:57 ERROR : (XSDB Server)挂起

14:46:08 INFO  : Launching XSCT server: xsct -n -interactive /media/D/dong/HY3/3A/HY_3A/HY_3A.sdk/temp_xsdb_launch_script.tcl
14:46:10 INFO  : XSCT server has started successfully.
14:46:23 INFO  : Successfully done setting XSCT server connection channel  
14:46:23 INFO  : Successfully done setting SDK workspace  
14:46:26 INFO  : Registering command handlers for SDK TCF services
14:46:28 INFO  : Processing command line option -hwspec /media/D/dong/HY3/3A/HY_3A/HY_3A.sdk/Top_HY_3A.hdf.
14:46:29 INFO  : Checking for hwspec changes in the project Top_HY_3A_hw_platform_0.
15:33:38 INFO  : Launching XSCT server: xsct -n -interactive /media/D/dong/HY3/3A/HY_3A/HY_3A.sdk/temp_xsdb_launch_script.tcl
15:33:40 INFO  : XSCT server has started successfully.
15:33:40 INFO  : Successfully done setting XSCT server connection channel  
15:33:40 INFO  : Successfully done setting SDK workspace  
15:33:47 INFO  : Registering command handlers for SDK TCF services
15:33:47 INFO  : Processing command line option -hwspec /media/D/dong/HY3/3A/HY_3A/HY_3A.sdk/Top_HY_3A.hdf.
15:33:48 INFO  : Checking for hwspec changes in the project Top_HY_3A_hw_platform_0.
